<?xml version="1.0"?>
<!DOCTYPE coverage SYSTEM "http://cobertura.sourceforge.net/xml/coverage-04.dtd">

<coverage line-rate="1.0" branch-rate="1.0" lines-covered="24" lines-valid="24" branches-covered="12" branches-valid="12" complexity="0.0" version="2.1.1" timestamp="1466392391090">
	<sources>
		<source>--source</source>
		<source>/home/travis/build/rvenutolo/groovy-string-extensions/target/generated-sources/groovy-stubs/main</source>
		<source>/home/travis/build/rvenutolo/groovy-string-extensions/src/main/groovy</source>
		<source>/home/travis/build/rvenutolo/groovy-string-extensions/target/generated-sources/annotations</source>
	</sources>
	<packages>
		<package name="org.venutolo.groovy.extension" line-rate="1.0" branch-rate="1.0" complexity="0.0">
			<classes>
				<class name="org.venutolo.groovy.extension.JoinLinesExtension" filename="org/venutolo/groovy/extension/JoinLinesExtension.groovy" line-rate="1.0" branch-rate="1.0" complexity="0.0">
					<methods>
						<method name="joinLines" signature="(Lgroovy/lang/GString;)Lgroovy/lang/GString;" line-rate="1.0" branch-rate="1.0" complexity="0">
							<lines>
								<line number="67" hits="6" branch="false"/>
								<line number="68" hits="6" branch="false"/>
								<line number="69" hits="6" branch="false"/>
								<line number="70" hits="6" branch="false"/>
								<line number="80" hits="6" branch="false"/>
							</lines>
						</method>
						<method name="joinLines" signature="(Ljava/lang/String;)Ljava/lang/String;" line-rate="1.0" branch-rate="1.0" complexity="0">
							<lines>
								<line number="53" hits="4" branch="false"/>
							</lines>
						</method>
					</methods>
					<lines>
						<line number="53" hits="4" branch="false"/>
						<line number="67" hits="6" branch="false"/>
						<line number="68" hits="6" branch="false"/>
						<line number="69" hits="6" branch="false"/>
						<line number="70" hits="6" branch="false"/>
						<line number="80" hits="6" branch="false"/>
					</lines>
				</class>
				<class name="org.venutolo.groovy.extension.JoinLinesExtension$_joinLines_closure1" filename="org/venutolo/groovy/extension/JoinLinesExtension.groovy" line-rate="1.0" branch-rate="1.0" complexity="0.0">
					<methods>
						<method name="doCall" signature="(Ljava/lang/String;I)Ljava/lang/Object;" line-rate="1.0" branch-rate="1.0" complexity="0">
							<lines>
								<line number="71" hits="17" branch="false"/>
								<line number="72" hits="17" branch="true" condition-coverage="100% (4/4)">
									<conditions>
										<condition number="0" type="jump" coverage="100%"/>
										<condition number="1" type="jump" coverage="100%"/>
									</conditions>
								</line>
								<line number="73" hits="6" branch="false"/>
								<line number="75" hits="17" branch="true" condition-coverage="100% (2/2)">
									<conditions>
										<condition number="0" type="jump" coverage="100%"/>
									</conditions>
								</line>
								<line number="76" hits="6" branch="false"/>
								<line number="78" hits="17" branch="false"/>
							</lines>
						</method>
					</methods>
					<lines>
						<line number="71" hits="17" branch="false"/>
						<line number="72" hits="17" branch="true" condition-coverage="100% (4/4)">
							<conditions>
								<condition number="0" type="jump" coverage="100%"/>
								<condition number="1" type="jump" coverage="100%"/>
							</conditions>
						</line>
						<line number="73" hits="6" branch="false"/>
						<line number="75" hits="17" branch="true" condition-coverage="100% (2/2)">
							<conditions>
								<condition number="0" type="jump" coverage="100%"/>
							</conditions>
						</line>
						<line number="76" hits="6" branch="false"/>
						<line number="78" hits="17" branch="false"/>
					</lines>
				</class>
				<class name="org.venutolo.groovy.extension.TrimAndCollapseWhitespaceExtension" filename="org/venutolo/groovy/extension/TrimAndCollapseWhitespaceExtension.groovy" line-rate="1.0" branch-rate="1.0" complexity="0.0">
					<methods>
						<method name="trimAndCollapseWhitespace" signature="(Lgroovy/lang/GString;)Lgroovy/lang/GString;" line-rate="1.0" branch-rate="1.0" complexity="0">
							<lines>
								<line number="66" hits="4" branch="false"/>
								<line number="67" hits="4" branch="false"/>
								<line number="68" hits="4" branch="false"/>
								<line number="69" hits="4" branch="false"/>
								<line number="79" hits="4" branch="false"/>
							</lines>
						</method>
						<method name="trimAndCollapseWhitespace" signature="(Ljava/lang/String;)Ljava/lang/String;" line-rate="1.0" branch-rate="1.0" complexity="0">
							<lines>
								<line number="53" hits="2" branch="false"/>
							</lines>
						</method>
					</methods>
					<lines>
						<line number="53" hits="2" branch="false"/>
						<line number="66" hits="4" branch="false"/>
						<line number="67" hits="4" branch="false"/>
						<line number="68" hits="4" branch="false"/>
						<line number="69" hits="4" branch="false"/>
						<line number="79" hits="4" branch="false"/>
					</lines>
				</class>
				<class name="org.venutolo.groovy.extension.TrimAndCollapseWhitespaceExtension$_trimAndCollapseWhitespace_closure1" filename="org/venutolo/groovy/extension/TrimAndCollapseWhitespaceExtension.groovy" line-rate="1.0" branch-rate="1.0" complexity="0.0">
					<methods>
						<method name="doCall" signature="(Ljava/lang/String;I)Ljava/lang/Object;" line-rate="1.0" branch-rate="1.0" complexity="0">
							<lines>
								<line number="70" hits="8" branch="false"/>
								<line number="71" hits="8" branch="true" condition-coverage="100% (4/4)">
									<conditions>
										<condition number="0" type="jump" coverage="100%"/>
										<condition number="1" type="jump" coverage="100%"/>
									</conditions>
								</line>
								<line number="72" hits="4" branch="false"/>
								<line number="74" hits="8" branch="true" condition-coverage="100% (2/2)">
									<conditions>
										<condition number="0" type="jump" coverage="100%"/>
									</conditions>
								</line>
								<line number="75" hits="4" branch="false"/>
								<line number="77" hits="8" branch="false"/>
							</lines>
						</method>
					</methods>
					<lines>
						<line number="70" hits="8" branch="false"/>
						<line number="71" hits="8" branch="true" condition-coverage="100% (4/4)">
							<conditions>
								<condition number="0" type="jump" coverage="100%"/>
								<condition number="1" type="jump" coverage="100%"/>
							</conditions>
						</line>
						<line number="72" hits="4" branch="false"/>
						<line number="74" hits="8" branch="true" condition-coverage="100% (2/2)">
							<conditions>
								<condition number="0" type="jump" coverage="100%"/>
							</conditions>
						</line>
						<line number="75" hits="4" branch="false"/>
						<line number="77" hits="8" branch="false"/>
					</lines>
				</class>
			</classes>
		</package>
	</packages>
</coverage>
